<?xml version="1.0" encoding="UTF-8"?>
<!-- Generated by org.testng.reporters.JUnitReportReporter -->
<testsuite skipped="2" hostname="WillamJose" name="org.baseclass.Junit02" tests="3" failures="0" timestamp="30 Oct 2022 16:59:17 GMT" time="5.147" errors="0">
  <testcase name="tc03" time="5.147" classname="org.baseclass.Junit02"/>
  <testcase name="tc02" classname="org.baseclass.Junit02">
    <skipped/>
  </testcase> <!-- tc02 -->
  <testcase name="tc01" classname="org.baseclass.Junit02">
    <skipped/>
  </testcase> <!-- tc01 -->
</testsuite> <!-- org.baseclass.Junit02 -->
