<?xml version="1.0" encoding="UTF-8"?>
<!-- Generated by org.testng.reporters.JUnitReportReporter -->
<testsuite skipped="0" hostname="WillamJose" name="org.testng.Class03" tests="1" failures="0" timestamp="14 Nov 2022 05:41:50 GMT" time="5.141" errors="0">
  <testcase name="ok1" time="5.141" classname="org.testng.Class03"/>
</testsuite> <!-- org.testng.Class03 -->
