<?xml version="1.0" encoding="UTF-8"?>
<!-- Generated by org.testng.reporters.JUnitReportReporter -->
<testsuite skipped="0" hostname="WillamJose" name="org.testng.Dummy01" tests="4" failures="0" timestamp="30 Oct 2022 06:02:28 GMT" time="0.020" errors="0">
  <testcase name="tc01" time="0.011" classname="org.testng.Dummy01"/>
  <testcase name="tc04" time="0.003" classname="org.testng.Dummy01"/>
  <testcase name="tc03" time="0.003" classname="org.testng.Dummy01"/>
  <testcase name="tc02" time="0.003" classname="org.testng.Dummy01"/>
</testsuite> <!-- org.testng.Dummy01 -->
