<?xml version="1.0" encoding="UTF-8"?>
<!-- Generated by org.testng.reporters.JUnitReportReporter -->
<testsuite skipped="0" hostname="WillamJose" name="org.testng.Class02" tests="1" failures="0" timestamp="14 Nov 2022 05:41:50 GMT" time="8.104" errors="0">
  <testcase name="clas" time="8.104" classname="org.testng.Class02"/>
</testsuite> <!-- org.testng.Class02 -->
