<?xml version="1.0" encoding="UTF-8"?>
<!-- Generated by org.testng.reporters.JUnitReportReporter -->
<testsuite skipped="3" hostname="WillamJose" name="org.baseclass.Assert01" tests="4" failures="0" timestamp="08 Nov 2022 13:37:15 GMT" time="0.026" errors="0">
  <testcase name="tc04" time="0.026" classname="org.baseclass.Assert01"/>
  <testcase name="tc03" classname="org.baseclass.Assert01">
    <skipped/>
  </testcase> <!-- tc03 -->
  <testcase name="tc02" classname="org.baseclass.Assert01">
    <skipped/>
  </testcase> <!-- tc02 -->
  <testcase name="tc01" classname="org.baseclass.Assert01">
    <skipped/>
  </testcase> <!-- tc01 -->
</testsuite> <!-- org.baseclass.Assert01 -->
