<?xml version="1.0" encoding="UTF-8"?>
<!-- Generated by org.testng.reporters.JUnitReportReporter -->
<testsuite skipped="0" hostname="WillamJose" name="org.testng.Final01" tests="1" failures="0" timestamp="14 Nov 2022 05:41:50 GMT" time="22.902" errors="0">
  <testcase name="hoo" time="22.902" classname="org.testng.Final01"/>
</testsuite> <!-- org.testng.Final01 -->
