<?xml version="1.0" encoding="UTF-8"?>
<!-- Generated by org.testng.reporters.JUnitReportReporter -->
<testsuite skipped="0" hostname="WillamJose" name="org.testng.Class01testng" tests="5" failures="0" timestamp="29 Oct 2022 13:04:48 GMT" time="0.018" errors="0">
  <testcase name="tc02" time="0.001" classname="org.testng.Class01testng"/>
  <testcase name="tc04" time="0.001" classname="org.testng.Class01testng"/>
  <testcase name="tc03" time="0.002" classname="org.testng.Class01testng"/>
  <testcase name="tc01" time="0.013" classname="org.testng.Class01testng"/>
  <testcase name="tc05" time="0.001" classname="org.testng.Class01testng"/>
</testsuite> <!-- org.testng.Class01testng -->
