<?xml version="1.0" encoding="UTF-8"?>
<!-- Generated by org.testng.reporters.JUnitReportReporter -->
<testsuite skipped="0" hostname="WillamJose" name="org.testng.Class01" tests="1" failures="0" timestamp="14 Nov 2022 05:41:50 GMT" time="3.176" errors="0">
  <testcase name="tc01" time="3.176" classname="org.testng.Class01"/>
</testsuite> <!-- org.testng.Class01 -->
